# JRE version: OpenJDK Runtime Environment GraalVM CE 22.3.0 (17.0.5+8) (build 17.0.5+8-jvmci-22.3-b08)
# Java VM: OpenJDK 64-Bit Server VM GraalVM CE 22.3.0 (17.0.5+8-jvmci-22.3-b08, mixed mode, sharing, tiered, jvmci, jvmci compiler, compressed oops, compressed class ptrs, parallel gc, linux-amd64)
GC Precious Log:
 CPUs: 8 total, 1 available
 Memory: 1024M
 Large Page Support: Disabled
 NUMA Support: Disabled
 Compressed Oops: Enabled (32-bit)
 Alignments: Space 512K, Generation 512K, Heap 2M
 Heap Min Capacity: 100M
 Heap Initial Capacity: 100M
 Heap Max Capacity: 512M
 Pre-touch: Disabled
 Parallel Workers: 1
Heap:
 PSYoungGen      total 54272K, used 32558K [0x00000000f5580000, 0x00000000f8c80000, 0x0000000100000000)
  eden space 52736K, 59% used [0x00000000f5580000,0x00000000f73e3b10,0x00000000f8900000)
  from space 1536K, 93% used [0x00000000f8900000,0x00000000f8a68020,0x00000000f8a80000)
  to   space 1536K, 0% used [0x00000000f8b00000,0x00000000f8b00000,0x00000000f8c80000)
 ParOldGen       total 294400K, used 227385K [0x00000000e0000000, 0x00000000f1f80000, 0x00000000f5580000)
  object space 294400K, 77% used [0x00000000e0000000,0x00000000ede0e740,0x00000000f1f80000)
 Metaspace       used 73531K, committed 74560K, reserved 1122304K
  class space    used 6625K, committed 7104K, reserved 1048576K
GC Heap History (20 events):
Event: 297.992 GC heap before
{Heap before GC invocations=101 (full 22):
 PSYoungGen      total 50176K, used 50071K [0x00000000f5580000, 0x00000000f9480000, 0x0000000100000000)
  eden space 48128K, 100% used [0x00000000f5580000,0x00000000f8480000,0x00000000f8480000)
  from space 2048K, 94% used [0x00000000f8480000,0x00000000f8665da0,0x00000000f8680000)
  to   space 7168K, 0% used [0x00000000f8d80000,0x00000000f8d80000,0x00000000f9480000)
 ParOldGen       total 294400K, used 222670K [0x00000000e0000000, 0x00000000f1f80000, 0x00000000f5580000)
  object space 294400K, 75% used [0x00000000e0000000,0x00000000ed973870,0x00000000f1f80000)
 Metaspace       used 68456K, committed 69504K, reserved 1114112K
  class space    used 6454K, committed 6912K, reserved 1048576K
}
Event: 298.000 GC heap after
{Heap after GC invocations=101 (full 22):
 PSYoungGen      total 51200K, used 2200K [0x00000000f5580000, 0x00000000f9000000, 0x0000000100000000)
  eden space 48640K, 0% used [0x00000000f5580000,0x00000000f5580000,0x00000000f8500000)
  from space 2560K, 85% used [0x00000000f8d80000,0x00000000f8fa6390,0x00000000f9000000)
  to   space 3072K, 0% used [0x00000000f8a00000,0x00000000f8a00000,0x00000000f8d00000)
 ParOldGen       total 294400K, used 222670K [0x00000000e0000000, 0x00000000f1f80000, 0x00000000f5580000)
  object space 294400K, 75% used [0x00000000e0000000,0x00000000ed973870,0x00000000f1f80000)
 Metaspace       used 68456K, committed 69504K, reserved 1114112K
  class space    used 6454K, committed 6912K, reserved 1048576K
}
Event: 310.379 GC heap before
{Heap before GC invocations=102 (full 22):
 PSYoungGen      total 51200K, used 50840K [0x00000000f5580000, 0x00000000f9000000, 0x0000000100000000)
  eden space 48640K, 100% used [0x00000000f5580000,0x00000000f8500000,0x00000000f8500000)
  from space 2560K, 85% used [0x00000000f8d80000,0x00000000f8fa6390,0x00000000f9000000)
  to   space 3072K, 0% used [0x00000000f8a00000,0x00000000f8a00000,0x00000000f8d00000)
 ParOldGen       total 294400K, used 222670K [0x00000000e0000000, 0x00000000f1f80000, 0x00000000f5580000)
  object space 294400K, 75% used [0x00000000e0000000,0x00000000ed973870,0x00000000f1f80000)
 Metaspace       used 69892K, committed 70912K, reserved 1114112K
  class space    used 6579K, committed 7040K, reserved 1048576K
}
Event: 310.433 GC heap after
{Heap after GC invocations=102 (full 22):
 PSYoungGen      total 52224K, used 3050K [0x00000000f5580000, 0x00000000f8e00000, 0x0000000100000000)
  eden space 49152K, 0% used [0x00000000f5580000,0x00000000f5580000,0x00000000f8580000)
  from space 3072K, 99% used [0x00000000f8a00000,0x00000000f8cfa820,0x00000000f8d00000)
  to   space 1024K, 0% used [0x00000000f8d00000,0x00000000f8d00000,0x00000000f8e00000)
 ParOldGen       total 294400K, used 223075K [0x00000000e0000000, 0x00000000f1f80000, 0x00000000f5580000)
  object space 294400K, 75% used [0x00000000e0000000,0x00000000ed9d8d10,0x00000000f1f80000)
 Metaspace       used 69892K, committed 70912K, reserved 1114112K
  class space    used 6579K, committed 7040K, reserved 1048576K
}
Event: 321.838 GC heap before
{Heap before GC invocations=103 (full 22):
 PSYoungGen      total 52224K, used 52202K [0x00000000f5580000, 0x00000000f8e00000, 0x0000000100000000)
  eden space 49152K, 100% used [0x00000000f5580000,0x00000000f8580000,0x00000000f8580000)
  from space 3072K, 99% used [0x00000000f8a00000,0x00000000f8cfa820,0x00000000f8d00000)
  to   space 1024K, 0% used [0x00000000f8d00000,0x00000000f8d00000,0x00000000f8e00000)
 ParOldGen       total 294400K, used 223075K [0x00000000e0000000, 0x00000000f1f80000, 0x00000000f5580000)
  object space 294400K, 75% used [0x00000000e0000000,0x00000000ed9d8d10,0x00000000f1f80000)
 Metaspace       used 70341K, committed 71296K, reserved 1114112K
  class space    used 6582K, committed 7040K, reserved 1048576K
}
Event: 321.867 GC heap after
{Heap after GC invocations=103 (full 22):
 PSYoungGen      total 50688K, used 993K [0x00000000f5580000, 0x00000000f8e00000, 0x0000000100000000)
  eden space 49664K, 0% used [0x00000000f5580000,0x00000000f5580000,0x00000000f8600000)
  from space 1024K, 96% used [0x00000000f8d00000,0x00000000f8df8480,0x00000000f8e00000)
  to   space 3584K, 0% used [0x00000000f8700000,0x00000000f8700000,0x00000000f8a80000)
 ParOldGen       total 294400K, used 225457K [0x00000000e0000000, 0x00000000f1f80000, 0x00000000f5580000)
  object space 294400K, 76% used [0x00000000e0000000,0x00000000edc2c588,0x00000000f1f80000)
 Metaspace       used 70341K, committed 71296K, reserved 1114112K
  class space    used 6582K, committed 7040K, reserved 1048576K
}
Event: 356.723 GC heap before
{Heap before GC invocations=104 (full 22):
 PSYoungGen      total 50688K, used 50657K [0x00000000f5580000, 0x00000000f8e00000, 0x0000000100000000)
  eden space 49664K, 100% used [0x00000000f5580000,0x00000000f8600000,0x00000000f8600000)
  from space 1024K, 96% used [0x00000000f8d00000,0x00000000f8df8480,0x00000000f8e00000)
  to   space 3584K, 0% used [0x00000000f8700000,0x00000000f8700000,0x00000000f8a80000)
 ParOldGen       total 294400K, used 225457K [0x00000000e0000000, 0x00000000f1f80000, 0x00000000f5580000)
  object space 294400K, 76% used [0x00000000e0000000,0x00000000edc2c588,0x00000000f1f80000)
 Metaspace       used 71018K, committed 72128K, reserved 1122304K
  class space    used 6606K, committed 7104K, reserved 1048576K
}
Event: 356.731 GC heap after
{Heap after GC invocations=104 (full 22):
 PSYoungGen      total 53760K, used 672K [0x00000000f5580000, 0x00000000f8d80000, 0x0000000100000000)
  eden space 50176K, 0% used [0x00000000f5580000,0x00000000f5580000,0x00000000f8680000)
  from space 3584K, 18% used [0x00000000f8700000,0x00000000f87a8000,0x00000000f8a80000)
  to   space 2048K, 0% used [0x00000000f8b80000,0x00000000f8b80000,0x00000000f8d80000)
 ParOldGen       total 294400K, used 226230K [0x00000000e0000000, 0x00000000f1f80000, 0x00000000f5580000)
  object space 294400K, 76% used [0x00000000e0000000,0x00000000edcedb88,0x00000000f1f80000)
 Metaspace       used 71018K, committed 72128K, reserved 1122304K
  class space    used 6606K, committed 7104K, reserved 1048576K
}
Event: 374.325 GC heap before
{Heap before GC invocations=105 (full 22):
 PSYoungGen      total 53760K, used 50847K [0x00000000f5580000, 0x00000000f8d80000, 0x0000000100000000)
  eden space 50176K, 99% used [0x00000000f5580000,0x00000000f867ffa8,0x00000000f8680000)
  from space 3584K, 18% used [0x00000000f8700000,0x00000000f87a8000,0x00000000f8a80000)
  to   space 2048K, 0% used [0x00000000f8b80000,0x00000000f8b80000,0x00000000f8d80000)
 ParOldGen       total 294400K, used 226230K [0x00000000e0000000, 0x00000000f1f80000, 0x00000000f5580000)
  object space 294400K, 76% used [0x00000000e0000000,0x00000000edcedb88,0x00000000f1f80000)
 Metaspace       used 71555K, committed 72576K, reserved 1122304K
  class space    used 6611K, committed 7104K, reserved 1048576K
}
Event: 374.332 GC heap after
{Heap after GC invocations=105 (full 22):
 PSYoungGen      total 52224K, used 1120K [0x00000000f5580000, 0x00000000f8d00000, 0x0000000100000000)
  eden space 50688K, 0% used [0x00000000f5580000,0x00000000f5580000,0x00000000f8700000)
  from space 1536K, 72% used [0x00000000f8b80000,0x00000000f8c98000,0x00000000f8d00000)
  to   space 1536K, 0% used [0x00000000f8a00000,0x00000000f8a00000,0x00000000f8b80000)
 ParOldGen       total 294400K, used 226230K [0x00000000e0000000, 0x00000000f1f80000, 0x00000000f5580000)
  object space 294400K, 76% used [0x00000000e0000000,0x00000000edcedb88,0x00000000f1f80000)
 Metaspace       used 71555K, committed 72576K, reserved 1122304K
  class space    used 6611K, committed 7104K, reserved 1048576K
}
Event: 424.305 GC heap before
{Heap before GC invocations=106 (full 22):
 PSYoungGen      total 52224K, used 51808K [0x00000000f5580000, 0x00000000f8d00000, 0x0000000100000000)
  eden space 50688K, 100% used [0x00000000f5580000,0x00000000f8700000,0x00000000f8700000)
  from space 1536K, 72% used [0x00000000f8b80000,0x00000000f8c98000,0x00000000f8d00000)
  to   space 1536K, 0% used [0x00000000f8a00000,0x00000000f8a00000,0x00000000f8b80000)
 ParOldGen       total 294400K, used 226230K [0x00000000e0000000, 0x00000000f1f80000, 0x00000000f5580000)
  object space 294400K, 76% used [0x00000000e0000000,0x00000000edcedb88,0x00000000f1f80000)
 Metaspace       used 71835K, committed 72960K, reserved 1122304K
  class space    used 6613K, committed 7104K, reserved 1048576K
}
Event: 424.311 GC heap after
{Heap after GC invocations=106 (full 22):
 PSYoungGen      total 52736K, used 1056K [0x00000000f5580000, 0x00000000f8c00000, 0x0000000100000000)
  eden space 51200K, 0% used [0x00000000f5580000,0x00000000f5580000,0x00000000f8780000)
  from space 1536K, 68% used [0x00000000f8a00000,0x00000000f8b08000,0x00000000f8b80000)
  to   space 512K, 0% used [0x00000000f8b80000,0x00000000f8b80000,0x00000000f8c00000)
 ParOldGen       total 294400K, used 226230K [0x00000000e0000000, 0x00000000f1f80000, 0x00000000f5580000)
  object space 294400K, 76% used [0x00000000e0000000,0x00000000edcedb88,0x00000000f1f80000)
 Metaspace       used 71835K, committed 72960K, reserved 1122304K
  class space    used 6613K, committed 7104K, reserved 1048576K
}
Event: 457.108 GC heap before
{Heap before GC invocations=107 (full 22):
 PSYoungGen      total 52736K, used 52256K [0x00000000f5580000, 0x00000000f8c00000, 0x0000000100000000)
  eden space 51200K, 100% used [0x00000000f5580000,0x00000000f8780000,0x00000000f8780000)
  from space 1536K, 68% used [0x00000000f8a00000,0x00000000f8b08000,0x00000000f8b80000)
  to   space 512K, 0% used [0x00000000f8b80000,0x00000000f8b80000,0x00000000f8c00000)
 ParOldGen       total 294400K, used 226230K [0x00000000e0000000, 0x00000000f1f80000, 0x00000000f5580000)
  object space 294400K, 76% used [0x00000000e0000000,0x00000000edcedb88,0x00000000f1f80000)
 Metaspace       used 72139K, committed 73216K, reserved 1122304K
  class space    used 6615K, committed 7104K, reserved 1048576K
}
Event: 457.116 GC heap after
{Heap after GC invocations=107 (full 22):
 PSYoungGen      total 52224K, used 512K [0x00000000f5580000, 0x00000000f8c00000, 0x0000000100000000)
  eden space 51712K, 0% used [0x00000000f5580000,0x00000000f5580000,0x00000000f8800000)
  from space 512K, 100% used [0x00000000f8b80000,0x00000000f8c00000,0x00000000f8c00000)
  to   space 1536K, 0% used [0x00000000f8900000,0x00000000f8900000,0x00000000f8a80000)
 ParOldGen       total 294400K, used 227161K [0x00000000e0000000, 0x00000000f1f80000, 0x00000000f5580000)
  object space 294400K, 77% used [0x00000000e0000000,0x00000000eddd6720,0x00000000f1f80000)
 Metaspace       used 72139K, committed 73216K, reserved 1122304K
  class space    used 6615K, committed 7104K, reserved 1048576K
}
Event: 473.721 GC heap before
{Heap before GC invocations=108 (full 22):
 PSYoungGen      total 52224K, used 52224K [0x00000000f5580000, 0x00000000f8c00000, 0x0000000100000000)
  eden space 51712K, 100% used [0x00000000f5580000,0x00000000f8800000,0x00000000f8800000)
  from space 512K, 100% used [0x00000000f8b80000,0x00000000f8c00000,0x00000000f8c00000)
  to   space 1536K, 0% used [0x00000000f8900000,0x00000000f8900000,0x00000000f8a80000)
 ParOldGen       total 294400K, used 227161K [0x00000000e0000000, 0x00000000f1f80000, 0x00000000f5580000)
  object space 294400K, 77% used [0x00000000e0000000,0x00000000eddd6720,0x00000000f1f80000)
 Metaspace       used 72488K, committed 73600K, reserved 1122304K
  class space    used 6618K, committed 7104K, reserved 1048576K
}
Event: 473.727 GC heap after
{Heap after GC invocations=108 (full 22):
 PSYoungGen      total 53760K, used 1152K [0x00000000f5580000, 0x00000000f8c00000, 0x0000000100000000)
  eden space 52224K, 0% used [0x00000000f5580000,0x00000000f5580000,0x00000000f8880000)
  from space 1536K, 75% used [0x00000000f8900000,0x00000000f8a20020,0x00000000f8a80000)
  to   space 1536K, 0% used [0x00000000f8a80000,0x00000000f8a80000,0x00000000f8c00000)
 ParOldGen       total 294400K, used 227385K [0x00000000e0000000, 0x00000000f1f80000, 0x00000000f5580000)
  object space 294400K, 77% used [0x00000000e0000000,0x00000000ede0e740,0x00000000f1f80000)
 Metaspace       used 72488K, committed 73600K, reserved 1122304K
  class space    used 6618K, committed 7104K, reserved 1048576K
}
Event: 599.278 GC heap before
{Heap before GC invocations=109 (full 22):
 PSYoungGen      total 53760K, used 53376K [0x00000000f5580000, 0x00000000f8c00000, 0x0000000100000000)
  eden space 52224K, 100% used [0x00000000f5580000,0x00000000f8880000,0x00000000f8880000)
  from space 1536K, 75% used [0x00000000f8900000,0x00000000f8a20020,0x00000000f8a80000)
  to   space 1536K, 0% used [0x00000000f8a80000,0x00000000f8a80000,0x00000000f8c00000)
 ParOldGen       total 294400K, used 227385K [0x00000000e0000000, 0x00000000f1f80000, 0x00000000f5580000)
  object space 294400K, 77% used [0x00000000e0000000,0x00000000ede0e740,0x00000000f1f80000)
 Metaspace       used 72766K, committed 73856K, reserved 1122304K
  class space    used 6621K, committed 7104K, reserved 1048576K
}
Event: 599.287 GC heap after
{Heap after GC invocations=109 (full 22):
 PSYoungGen      total 54272K, used 1088K [0x00000000f5580000, 0x00000000f8c00000, 0x0000000100000000)
  eden space 52736K, 0% used [0x00000000f5580000,0x00000000f5580000,0x00000000f8900000)
  from space 1536K, 70% used [0x00000000f8a80000,0x00000000f8b90020,0x00000000f8c00000)
  to   space 1536K, 0% used [0x00000000f8900000,0x00000000f8900000,0x00000000f8a80000)
 ParOldGen       total 294400K, used 227385K [0x00000000e0000000, 0x00000000f1f80000, 0x00000000f5580000)
  object space 294400K, 77% used [0x00000000e0000000,0x00000000ede0e740,0x00000000f1f80000)
 Metaspace       used 72766K, committed 73856K, reserved 1122304K
  class space    used 6621K, committed 7104K, reserved 1048576K
}
Event: 618.257 GC heap before
{Heap before GC invocations=110 (full 22):
 PSYoungGen      total 54272K, used 53824K [0x00000000f5580000, 0x00000000f8c00000, 0x0000000100000000)
  eden space 52736K, 100% used [0x00000000f5580000,0x00000000f8900000,0x00000000f8900000)
  from space 1536K, 70% used [0x00000000f8a80000,0x00000000f8b90020,0x00000000f8c00000)
  to   space 1536K, 0% used [0x00000000f8900000,0x00000000f8900000,0x00000000f8a80000)
 ParOldGen       total 294400K, used 227385K [0x00000000e0000000, 0x00000000f1f80000, 0x00000000f5580000)
  object space 294400K, 77% used [0x00000000e0000000,0x00000000ede0e740,0x00000000f1f80000)
 Metaspace       used 73174K, committed 74240K, reserved 1122304K
  class space    used 6622K, committed 7104K, reserved 1048576K
}
Event: 618.265 GC heap after
{Heap after GC invocations=110 (full 22):
 PSYoungGen      total 54272K, used 1440K [0x00000000f5580000, 0x00000000f8c80000, 0x0000000100000000)
  eden space 52736K, 0% used [0x00000000f5580000,0x00000000f5580000,0x00000000f8900000)
  from space 1536K, 93% used [0x00000000f8900000,0x00000000f8a68020,0x00000000f8a80000)
  to   space 1536K, 0% used [0x00000000f8b00000,0x00000000f8b00000,0x00000000f8c80000)
 ParOldGen       total 294400K, used 227385K [0x00000000e0000000, 0x00000000f1f80000, 0x00000000f5580000)
  object space 294400K, 77% used [0x00000000e0000000,0x00000000ede0e740,0x00000000f1f80000)
 Metaspace       used 73174K, committed 74240K, reserved 1122304K
  class space    used 6622K, committed 7104K, reserved 1048576K
}

