# JRE version: OpenJDK Runtime Environment GraalVM CE 22.3.0 (17.0.5+8) (build 17.0.5+8-jvmci-22.3-b08)
# Java VM: OpenJDK 64-Bit Server VM GraalVM CE 22.3.0 (17.0.5+8-jvmci-22.3-b08, mixed mode, sharing, tiered, jvmci, jvmci compiler, compressed oops, compressed class ptrs, parallel gc, linux-amd64)
GC Precious Log:
 CPUs: 8 total, 1 available
 Memory: 1024M
 Large Page Support: Disabled
 NUMA Support: Disabled
 Compressed Oops: Enabled (32-bit)
 Alignments: Space 512K, Generation 512K, Heap 2M
 Heap Min Capacity: 100M
 Heap Initial Capacity: 100M
 Heap Max Capacity: 512M
 Pre-touch: Disabled
 Parallel Workers: 1
Heap:
 PSYoungGen      total 87040K, used 60928K [0x00000000f5580000, 0x00000000fee00000, 0x0000000100000000)
  eden space 60928K, 100% used [0x00000000f5580000,0x00000000f9100000,0x00000000f9100000)
  from space 26112K, 0% used [0x00000000f9100000,0x00000000f9100000,0x00000000faa80000)
  to   space 43008K, 0% used [0x00000000fc400000,0x00000000fc400000,0x00000000fee00000)
 ParOldGen       total 349696K, used 349694K [0x00000000e0000000, 0x00000000f5580000, 0x00000000f5580000)
  object space 349696K, 99% used [0x00000000e0000000,0x00000000f557f868,0x00000000f5580000)
 Metaspace       used 60993K, committed 62208K, reserved 1105920K
  class space    used 5910K, committed 6400K, reserved 1048576K
GC Heap History (20 events):
Event: 1683.232 GC heap before
{Heap before GC invocations=685 (full 555):
 PSYoungGen      total 87040K, used 60927K [0x00000000f5580000, 0x00000000fee00000, 0x0000000100000000)
  eden space 60928K, 99% used [0x00000000f5580000,0x00000000f90fffb8,0x00000000f9100000)
  from space 26112K, 0% used [0x00000000f9100000,0x00000000f9100000,0x00000000faa80000)
  to   space 43008K, 0% used [0x00000000fc400000,0x00000000fc400000,0x00000000fee00000)
 ParOldGen       total 349696K, used 349689K [0x00000000e0000000, 0x00000000f5580000, 0x00000000f5580000)
  object space 349696K, 99% used [0x00000000e0000000,0x00000000f557e738,0x00000000f5580000)
 Metaspace       used 60993K, committed 62208K, reserved 1105920K
  class space    used 5910K, committed 6400K, reserved 1048576K
}
Event: 1686.266 GC heap after
{Heap after GC invocations=685 (full 555):
 PSYoungGen      total 103936K, used 60927K [0x00000000f5580000, 0x00000000fee00000, 0x0000000100000000)
  eden space 60928K, 99% used [0x00000000f5580000,0x00000000f90fffa0,0x00000000f9100000)
  from space 43008K, 0% used [0x00000000fc400000,0x00000000fc400000,0x00000000fee00000)
  to   space 26112K, 0% used [0x00000000f9100000,0x00000000f9100000,0x00000000faa80000)
 ParOldGen       total 349696K, used 349689K [0x00000000e0000000, 0x00000000f5580000, 0x00000000f5580000)
  object space 349696K, 99% used [0x00000000e0000000,0x00000000f557e650,0x00000000f5580000)
 Metaspace       used 60993K, committed 62208K, reserved 1105920K
  class space    used 5910K, committed 6400K, reserved 1048576K
}
Event: 1686.268 GC heap before
{Heap before GC invocations=686 (full 556):
 PSYoungGen      total 103936K, used 60927K [0x00000000f5580000, 0x00000000fee00000, 0x0000000100000000)
  eden space 60928K, 99% used [0x00000000f5580000,0x00000000f90ffff0,0x00000000f9100000)
  from space 43008K, 0% used [0x00000000fc400000,0x00000000fc400000,0x00000000fee00000)
  to   space 26112K, 0% used [0x00000000f9100000,0x00000000f9100000,0x00000000faa80000)
 ParOldGen       total 349696K, used 349693K [0x00000000e0000000, 0x00000000f5580000, 0x00000000f5580000)
  object space 349696K, 99% used [0x00000000e0000000,0x00000000f557f4e8,0x00000000f5580000)
 Metaspace       used 60993K, committed 62208K, reserved 1105920K
  class space    used 5910K, committed 6400K, reserved 1048576K
}
Event: 1689.190 GC heap after
{Heap after GC invocations=686 (full 556):
 PSYoungGen      total 87040K, used 60927K [0x00000000f5580000, 0x00000000fee00000, 0x0000000100000000)
  eden space 60928K, 99% used [0x00000000f5580000,0x00000000f90fff28,0x00000000f9100000)
  from space 26112K, 0% used [0x00000000f9100000,0x00000000f9100000,0x00000000faa80000)
  to   space 43008K, 0% used [0x00000000fc400000,0x00000000fc400000,0x00000000fee00000)
 ParOldGen       total 349696K, used 349690K [0x00000000e0000000, 0x00000000f5580000, 0x00000000f5580000)
  object space 349696K, 99% used [0x00000000e0000000,0x00000000f557e850,0x00000000f5580000)
 Metaspace       used 60993K, committed 62208K, reserved 1105920K
  class space    used 5910K, committed 6400K, reserved 1048576K
}
Event: 1689.190 GC heap before
{Heap before GC invocations=687 (full 557):
 PSYoungGen      total 87040K, used 60928K [0x00000000f5580000, 0x00000000fee00000, 0x0000000100000000)
  eden space 60928K, 100% used [0x00000000f5580000,0x00000000f9100000,0x00000000f9100000)
  from space 26112K, 0% used [0x00000000f9100000,0x00000000f9100000,0x00000000faa80000)
  to   space 43008K, 0% used [0x00000000fc400000,0x00000000fc400000,0x00000000fee00000)
 ParOldGen       total 349696K, used 349690K [0x00000000e0000000, 0x00000000f5580000, 0x00000000f5580000)
  object space 349696K, 99% used [0x00000000e0000000,0x00000000f557e850,0x00000000f5580000)
 Metaspace       used 60993K, committed 62208K, reserved 1105920K
  class space    used 5910K, committed 6400K, reserved 1048576K
}
Event: 1691.907 GC heap after
{Heap after GC invocations=687 (full 557):
 PSYoungGen      total 103936K, used 60927K [0x00000000f5580000, 0x00000000fee00000, 0x0000000100000000)
  eden space 60928K, 99% used [0x00000000f5580000,0x00000000f90fff60,0x00000000f9100000)
  from space 43008K, 0% used [0x00000000fc400000,0x00000000fc400000,0x00000000fee00000)
  to   space 26112K, 0% used [0x00000000f9100000,0x00000000f9100000,0x00000000faa80000)
 ParOldGen       total 349696K, used 349690K [0x00000000e0000000, 0x00000000f5580000, 0x00000000f5580000)
  object space 349696K, 99% used [0x00000000e0000000,0x00000000f557e830,0x00000000f5580000)
 Metaspace       used 60993K, committed 62208K, reserved 1105920K
  class space    used 5910K, committed 6400K, reserved 1048576K
}
Event: 1691.930 GC heap before
{Heap before GC invocations=688 (full 558):
 PSYoungGen      total 103936K, used 60928K [0x00000000f5580000, 0x00000000fee00000, 0x0000000100000000)
  eden space 60928K, 100% used [0x00000000f5580000,0x00000000f9100000,0x00000000f9100000)
  from space 43008K, 0% used [0x00000000fc400000,0x00000000fc400000,0x00000000fee00000)
  to   space 26112K, 0% used [0x00000000f9100000,0x00000000f9100000,0x00000000faa80000)
 ParOldGen       total 349696K, used 349690K [0x00000000e0000000, 0x00000000f5580000, 0x00000000f5580000)
  object space 349696K, 99% used [0x00000000e0000000,0x00000000f557e830,0x00000000f5580000)
 Metaspace       used 60993K, committed 62208K, reserved 1105920K
  class space    used 5910K, committed 6400K, reserved 1048576K
}
Event: 1694.484 GC heap after
{Heap after GC invocations=688 (full 558):
 PSYoungGen      total 87040K, used 60927K [0x00000000f5580000, 0x00000000fee00000, 0x0000000100000000)
  eden space 60928K, 99% used [0x00000000f5580000,0x00000000f90fff60,0x00000000f9100000)
  from space 26112K, 0% used [0x00000000f9100000,0x00000000f9100000,0x00000000faa80000)
  to   space 43008K, 0% used [0x00000000fc400000,0x00000000fc400000,0x00000000fee00000)
 ParOldGen       total 349696K, used 349690K [0x00000000e0000000, 0x00000000f5580000, 0x00000000f5580000)
  object space 349696K, 99% used [0x00000000e0000000,0x00000000f557e830,0x00000000f5580000)
 Metaspace       used 60993K, committed 62208K, reserved 1105920K
  class space    used 5910K, committed 6400K, reserved 1048576K
}
Event: 1694.484 GC heap before
{Heap before GC invocations=689 (full 559):
 PSYoungGen      total 87040K, used 60928K [0x00000000f5580000, 0x00000000fee00000, 0x0000000100000000)
  eden space 60928K, 100% used [0x00000000f5580000,0x00000000f9100000,0x00000000f9100000)
  from space 26112K, 0% used [0x00000000f9100000,0x00000000f9100000,0x00000000faa80000)
  to   space 43008K, 0% used [0x00000000fc400000,0x00000000fc400000,0x00000000fee00000)
 ParOldGen       total 349696K, used 349690K [0x00000000e0000000, 0x00000000f5580000, 0x00000000f5580000)
  object space 349696K, 99% used [0x00000000e0000000,0x00000000f557e830,0x00000000f5580000)
 Metaspace       used 60993K, committed 62208K, reserved 1105920K
  class space    used 5910K, committed 6400K, reserved 1048576K
}
Event: 1697.176 GC heap after
{Heap after GC invocations=689 (full 559):
 PSYoungGen      total 103936K, used 60927K [0x00000000f5580000, 0x00000000fee00000, 0x0000000100000000)
  eden space 60928K, 99% used [0x00000000f5580000,0x00000000f90fff60,0x00000000f9100000)
  from space 43008K, 0% used [0x00000000fc400000,0x00000000fc400000,0x00000000fee00000)
  to   space 26112K, 0% used [0x00000000f9100000,0x00000000f9100000,0x00000000faa80000)
 ParOldGen       total 349696K, used 349690K [0x00000000e0000000, 0x00000000f5580000, 0x00000000f5580000)
  object space 349696K, 99% used [0x00000000e0000000,0x00000000f557e830,0x00000000f5580000)
 Metaspace       used 60993K, committed 62208K, reserved 1105920K
  class space    used 5910K, committed 6400K, reserved 1048576K
}
Event: 1697.177 GC heap before
{Heap before GC invocations=690 (full 560):
 PSYoungGen      total 103936K, used 60928K [0x00000000f5580000, 0x00000000fee00000, 0x0000000100000000)
  eden space 60928K, 100% used [0x00000000f5580000,0x00000000f9100000,0x00000000f9100000)
  from space 43008K, 0% used [0x00000000fc400000,0x00000000fc400000,0x00000000fee00000)
  to   space 26112K, 0% used [0x00000000f9100000,0x00000000f9100000,0x00000000faa80000)
 ParOldGen       total 349696K, used 349690K [0x00000000e0000000, 0x00000000f5580000, 0x00000000f5580000)
  object space 349696K, 99% used [0x00000000e0000000,0x00000000f557e830,0x00000000f5580000)
 Metaspace       used 60993K, committed 62208K, reserved 1105920K
  class space    used 5910K, committed 6400K, reserved 1048576K
}
Event: 1699.632 GC heap after
{Heap after GC invocations=690 (full 560):
 PSYoungGen      total 87040K, used 60927K [0x00000000f5580000, 0x00000000fee00000, 0x0000000100000000)
  eden space 60928K, 99% used [0x00000000f5580000,0x00000000f90fff40,0x00000000f9100000)
  from space 26112K, 0% used [0x00000000f9100000,0x00000000f9100000,0x00000000faa80000)
  to   space 43008K, 0% used [0x00000000fc400000,0x00000000fc400000,0x00000000fee00000)
 ParOldGen       total 349696K, used 349690K [0x00000000e0000000, 0x00000000f5580000, 0x00000000f5580000)
  object space 349696K, 99% used [0x00000000e0000000,0x00000000f557e830,0x00000000f5580000)
 Metaspace       used 60993K, committed 62208K, reserved 1105920K
  class space    used 5910K, committed 6400K, reserved 1048576K
}
Event: 1699.632 GC heap before
{Heap before GC invocations=691 (full 561):
 PSYoungGen      total 87040K, used 60928K [0x00000000f5580000, 0x00000000fee00000, 0x0000000100000000)
  eden space 60928K, 100% used [0x00000000f5580000,0x00000000f9100000,0x00000000f9100000)
  from space 26112K, 0% used [0x00000000f9100000,0x00000000f9100000,0x00000000faa80000)
  to   space 43008K, 0% used [0x00000000fc400000,0x00000000fc400000,0x00000000fee00000)
 ParOldGen       total 349696K, used 349690K [0x00000000e0000000, 0x00000000f5580000, 0x00000000f5580000)
  object space 349696K, 99% used [0x00000000e0000000,0x00000000f557e830,0x00000000f5580000)
 Metaspace       used 60993K, committed 62208K, reserved 1105920K
  class space    used 5910K, committed 6400K, reserved 1048576K
}
Event: 1702.151 GC heap after
{Heap after GC invocations=691 (full 561):
 PSYoungGen      total 103936K, used 60927K [0x00000000f5580000, 0x00000000fee00000, 0x0000000100000000)
  eden space 60928K, 99% used [0x00000000f5580000,0x00000000f90fff40,0x00000000f9100000)
  from space 43008K, 0% used [0x00000000fc400000,0x00000000fc400000,0x00000000fee00000)
  to   space 26112K, 0% used [0x00000000f9100000,0x00000000f9100000,0x00000000faa80000)
 ParOldGen       total 349696K, used 349690K [0x00000000e0000000, 0x00000000f5580000, 0x00000000f5580000)
  object space 349696K, 99% used [0x00000000e0000000,0x00000000f557e830,0x00000000f5580000)
 Metaspace       used 60993K, committed 62208K, reserved 1105920K
  class space    used 5910K, committed 6400K, reserved 1048576K
}
Event: 1702.153 GC heap before
{Heap before GC invocations=692 (full 562):
 PSYoungGen      total 103936K, used 60927K [0x00000000f5580000, 0x00000000fee00000, 0x0000000100000000)
  eden space 60928K, 99% used [0x00000000f5580000,0x00000000f90fff58,0x00000000f9100000)
  from space 43008K, 0% used [0x00000000fc400000,0x00000000fc400000,0x00000000fee00000)
  to   space 26112K, 0% used [0x00000000f9100000,0x00000000f9100000,0x00000000faa80000)
 ParOldGen       total 349696K, used 349690K [0x00000000e0000000, 0x00000000f5580000, 0x00000000f5580000)
  object space 349696K, 99% used [0x00000000e0000000,0x00000000f557e830,0x00000000f5580000)
 Metaspace       used 60993K, committed 62208K, reserved 1105920K
  class space    used 5910K, committed 6400K, reserved 1048576K
}
Event: 1704.635 GC heap after
{Heap after GC invocations=692 (full 562):
 PSYoungGen      total 87040K, used 60927K [0x00000000f5580000, 0x00000000fee00000, 0x0000000100000000)
  eden space 60928K, 99% used [0x00000000f5580000,0x00000000f90fff58,0x00000000f9100000)
  from space 26112K, 0% used [0x00000000f9100000,0x00000000f9100000,0x00000000faa80000)
  to   space 43008K, 0% used [0x00000000fc400000,0x00000000fc400000,0x00000000fee00000)
 ParOldGen       total 349696K, used 349690K [0x00000000e0000000, 0x00000000f5580000, 0x00000000f5580000)
  object space 349696K, 99% used [0x00000000e0000000,0x00000000f557e830,0x00000000f5580000)
 Metaspace       used 60993K, committed 62208K, reserved 1105920K
  class space    used 5910K, committed 6400K, reserved 1048576K
}
Event: 1704.636 GC heap before
{Heap before GC invocations=693 (full 563):
 PSYoungGen      total 87040K, used 60927K [0x00000000f5580000, 0x00000000fee00000, 0x0000000100000000)
  eden space 60928K, 99% used [0x00000000f5580000,0x00000000f90ffff8,0x00000000f9100000)
  from space 26112K, 0% used [0x00000000f9100000,0x00000000f9100000,0x00000000faa80000)
  to   space 43008K, 0% used [0x00000000fc400000,0x00000000fc400000,0x00000000fee00000)
 ParOldGen       total 349696K, used 349695K [0x00000000e0000000, 0x00000000f5580000, 0x00000000f5580000)
  object space 349696K, 99% used [0x00000000e0000000,0x00000000f557fc08,0x00000000f5580000)
 Metaspace       used 60993K, committed 62208K, reserved 1105920K
  class space    used 5910K, committed 6400K, reserved 1048576K
}
Event: 1707.183 GC heap after
{Heap after GC invocations=693 (full 563):
 PSYoungGen      total 103936K, used 60927K [0x00000000f5580000, 0x00000000fee00000, 0x0000000100000000)
  eden space 60928K, 99% used [0x00000000f5580000,0x00000000f90fffa8,0x00000000f9100000)
  from space 43008K, 0% used [0x00000000fc400000,0x00000000fc400000,0x00000000fee00000)
  to   space 26112K, 0% used [0x00000000f9100000,0x00000000f9100000,0x00000000faa80000)
 ParOldGen       total 349696K, used 349693K [0x00000000e0000000, 0x00000000f5580000, 0x00000000f5580000)
  object space 349696K, 99% used [0x00000000e0000000,0x00000000f557f738,0x00000000f5580000)
 Metaspace       used 60993K, committed 62208K, reserved 1105920K
  class space    used 5910K, committed 6400K, reserved 1048576K
}
Event: 1707.183 GC heap before
{Heap before GC invocations=694 (full 564):
 PSYoungGen      total 103936K, used 60927K [0x00000000f5580000, 0x00000000fee00000, 0x0000000100000000)
  eden space 60928K, 99% used [0x00000000f5580000,0x00000000f90fffa8,0x00000000f9100000)
  from space 43008K, 0% used [0x00000000fc400000,0x00000000fc400000,0x00000000fee00000)
  to   space 26112K, 0% used [0x00000000f9100000,0x00000000f9100000,0x00000000faa80000)
 ParOldGen       total 349696K, used 349693K [0x00000000e0000000, 0x00000000f5580000, 0x00000000f5580000)
  object space 349696K, 99% used [0x00000000e0000000,0x00000000f557f738,0x00000000f5580000)
 Metaspace       used 60993K, committed 62208K, reserved 1105920K
  class space    used 5910K, committed 6400K, reserved 1048576K
}
Event: 1709.593 GC heap after
{Heap after GC invocations=694 (full 564):
 PSYoungGen      total 87040K, used 60927K [0x00000000f5580000, 0x00000000fee00000, 0x0000000100000000)
  eden space 60928K, 99% used [0x00000000f5580000,0x00000000f90fffa8,0x00000000f9100000)
  from space 26112K, 0% used [0x00000000f9100000,0x00000000f9100000,0x00000000faa80000)
  to   space 43008K, 0% used [0x00000000fc400000,0x00000000fc400000,0x00000000fee00000)
 ParOldGen       total 349696K, used 349693K [0x00000000e0000000, 0x00000000f5580000, 0x00000000f5580000)
  object space 349696K, 99% used [0x00000000e0000000,0x00000000f557f738,0x00000000f5580000)
 Metaspace       used 60993K, committed 62208K, reserved 1105920K
  class space    used 5910K, committed 6400K, reserved 1048576K
}

