# JRE version: OpenJDK Runtime Environment GraalVM CE 22.3.0 (17.0.5+8) (build 17.0.5+8-jvmci-22.3-b08)
# Java VM: OpenJDK 64-Bit Server VM GraalVM CE 22.3.0 (17.0.5+8-jvmci-22.3-b08, mixed mode, sharing, tiered, jvmci, jvmci compiler, compressed oops, compressed class ptrs, parallel gc, linux-amd64)
GC Precious Log:
 CPUs: 8 total, 1 available
 Memory: 1024M
 Large Page Support: Disabled
 NUMA Support: Disabled
 Compressed Oops: Enabled (32-bit)
 Alignments: Space 512K, Generation 512K, Heap 2M
 Heap Min Capacity: 100M
 Heap Initial Capacity: 100M
 Heap Max Capacity: 512M
 Pre-touch: Disabled
 Parallel Workers: 1
Heap:
 PSYoungGen      total 47616K, used 34816K [0x00000000f5580000, 0x00000000f9280000, 0x0000000100000000)
  eden space 34816K, 100% used [0x00000000f5580000,0x00000000f7780000,0x00000000f7780000)
  from space 12800K, 0% used [0x00000000f8600000,0x00000000f8600000,0x00000000f9280000)
  to   space 12800K, 0% used [0x00000000f7780000,0x00000000f7780000,0x00000000f8400000)
 ParOldGen       total 349696K, used 349693K [0x00000000e0000000, 0x00000000f5580000, 0x00000000f5580000)
  object space 349696K, 99% used [0x00000000e0000000,0x00000000f557f628,0x00000000f5580000)
 Metaspace       used 50128K, committed 51072K, reserved 1097728K
  class space    used 4963K, committed 5376K, reserved 1048576K
GC Heap History (20 events):
Event: 869.695 GC heap before
{Heap before GC invocations=636 (full 488):
 PSYoungGen      total 47616K, used 34816K [0x00000000f5580000, 0x00000000f9280000, 0x0000000100000000)
  eden space 34816K, 100% used [0x00000000f5580000,0x00000000f7780000,0x00000000f7780000)
  from space 12800K, 0% used [0x00000000f8600000,0x00000000f8600000,0x00000000f9280000)
  to   space 12800K, 0% used [0x00000000f7780000,0x00000000f7780000,0x00000000f8400000)
 ParOldGen       total 349696K, used 349694K [0x00000000e0000000, 0x00000000f5580000, 0x00000000f5580000)
  object space 349696K, 99% used [0x00000000e0000000,0x00000000f557f800,0x00000000f5580000)
 Metaspace       used 50128K, committed 51072K, reserved 1097728K
  class space    used 4963K, committed 5376K, reserved 1048576K
}
Event: 871.403 GC heap after
{Heap after GC invocations=636 (full 488):
 PSYoungGen      total 47616K, used 34816K [0x00000000f5580000, 0x00000000f9280000, 0x0000000100000000)
  eden space 34816K, 100% used [0x00000000f5580000,0x00000000f7780000,0x00000000f7780000)
  from space 12800K, 0% used [0x00000000f7780000,0x00000000f7780000,0x00000000f8400000)
  to   space 12800K, 0% used [0x00000000f8600000,0x00000000f8600000,0x00000000f9280000)
 ParOldGen       total 349696K, used 349694K [0x00000000e0000000, 0x00000000f5580000, 0x00000000f5580000)
  object space 349696K, 99% used [0x00000000e0000000,0x00000000f557f800,0x00000000f5580000)
 Metaspace       used 50128K, committed 51072K, reserved 1097728K
  class space    used 4963K, committed 5376K, reserved 1048576K
}
Event: 871.403 GC heap before
{Heap before GC invocations=637 (full 489):
 PSYoungGen      total 47616K, used 34816K [0x00000000f5580000, 0x00000000f9280000, 0x0000000100000000)
  eden space 34816K, 100% used [0x00000000f5580000,0x00000000f7780000,0x00000000f7780000)
  from space 12800K, 0% used [0x00000000f7780000,0x00000000f7780000,0x00000000f8400000)
  to   space 12800K, 0% used [0x00000000f8600000,0x00000000f8600000,0x00000000f9280000)
 ParOldGen       total 349696K, used 349695K [0x00000000e0000000, 0x00000000f5580000, 0x00000000f5580000)
  object space 349696K, 99% used [0x00000000e0000000,0x00000000f557fe10,0x00000000f5580000)
 Metaspace       used 50128K, committed 51072K, reserved 1097728K
  class space    used 4963K, committed 5376K, reserved 1048576K
}
Event: 873.103 GC heap after
{Heap after GC invocations=637 (full 489):
 PSYoungGen      total 47616K, used 34815K [0x00000000f5580000, 0x00000000f9280000, 0x0000000100000000)
  eden space 34816K, 99% used [0x00000000f5580000,0x00000000f777ffe0,0x00000000f7780000)
  from space 12800K, 0% used [0x00000000f8600000,0x00000000f8600000,0x00000000f9280000)
  to   space 12800K, 0% used [0x00000000f7780000,0x00000000f7780000,0x00000000f8400000)
 ParOldGen       total 349696K, used 349694K [0x00000000e0000000, 0x00000000f5580000, 0x00000000f5580000)
  object space 349696K, 99% used [0x00000000e0000000,0x00000000f557f830,0x00000000f5580000)
 Metaspace       used 50128K, committed 51072K, reserved 1097728K
  class space    used 4963K, committed 5376K, reserved 1048576K
}
Event: 873.103 GC heap before
{Heap before GC invocations=638 (full 490):
 PSYoungGen      total 47616K, used 34815K [0x00000000f5580000, 0x00000000f9280000, 0x0000000100000000)
  eden space 34816K, 99% used [0x00000000f5580000,0x00000000f777ffe0,0x00000000f7780000)
  from space 12800K, 0% used [0x00000000f8600000,0x00000000f8600000,0x00000000f9280000)
  to   space 12800K, 0% used [0x00000000f7780000,0x00000000f7780000,0x00000000f8400000)
 ParOldGen       total 349696K, used 349694K [0x00000000e0000000, 0x00000000f5580000, 0x00000000f5580000)
  object space 349696K, 99% used [0x00000000e0000000,0x00000000f557f830,0x00000000f5580000)
 Metaspace       used 50128K, committed 51072K, reserved 1097728K
  class space    used 4963K, committed 5376K, reserved 1048576K
}
Event: 874.836 GC heap after
{Heap after GC invocations=638 (full 490):
 PSYoungGen      total 47616K, used 34815K [0x00000000f5580000, 0x00000000f9280000, 0x0000000100000000)
  eden space 34816K, 99% used [0x00000000f5580000,0x00000000f777ffe0,0x00000000f7780000)
  from space 12800K, 0% used [0x00000000f7780000,0x00000000f7780000,0x00000000f8400000)
  to   space 12800K, 0% used [0x00000000f8600000,0x00000000f8600000,0x00000000f9280000)
 ParOldGen       total 349696K, used 349694K [0x00000000e0000000, 0x00000000f5580000, 0x00000000f5580000)
  object space 349696K, 99% used [0x00000000e0000000,0x00000000f557f830,0x00000000f5580000)
 Metaspace       used 50128K, committed 51072K, reserved 1097728K
  class space    used 4963K, committed 5376K, reserved 1048576K
}
Event: 874.839 GC heap before
{Heap before GC invocations=639 (full 491):
 PSYoungGen      total 47616K, used 34816K [0x00000000f5580000, 0x00000000f9280000, 0x0000000100000000)
  eden space 34816K, 100% used [0x00000000f5580000,0x00000000f7780000,0x00000000f7780000)
  from space 12800K, 0% used [0x00000000f7780000,0x00000000f7780000,0x00000000f8400000)
  to   space 12800K, 0% used [0x00000000f8600000,0x00000000f8600000,0x00000000f9280000)
 ParOldGen       total 349696K, used 349695K [0x00000000e0000000, 0x00000000f5580000, 0x00000000f5580000)
  object space 349696K, 99% used [0x00000000e0000000,0x00000000f557fee8,0x00000000f5580000)
 Metaspace       used 50128K, committed 51072K, reserved 1097728K
  class space    used 4963K, committed 5376K, reserved 1048576K
}
Event: 876.806 GC heap after
{Heap after GC invocations=639 (full 491):
 PSYoungGen      total 47616K, used 34815K [0x00000000f5580000, 0x00000000f9280000, 0x0000000100000000)
  eden space 34816K, 99% used [0x00000000f5580000,0x00000000f777ffe0,0x00000000f7780000)
  from space 12800K, 0% used [0x00000000f8600000,0x00000000f8600000,0x00000000f9280000)
  to   space 12800K, 0% used [0x00000000f7780000,0x00000000f7780000,0x00000000f8400000)
 ParOldGen       total 349696K, used 349694K [0x00000000e0000000, 0x00000000f5580000, 0x00000000f5580000)
  object space 349696K, 99% used [0x00000000e0000000,0x00000000f557f878,0x00000000f5580000)
 Metaspace       used 50128K, committed 51072K, reserved 1097728K
  class space    used 4963K, committed 5376K, reserved 1048576K
}
Event: 876.806 GC heap before
{Heap before GC invocations=640 (full 492):
 PSYoungGen      total 47616K, used 34815K [0x00000000f5580000, 0x00000000f9280000, 0x0000000100000000)
  eden space 34816K, 99% used [0x00000000f5580000,0x00000000f777ffe0,0x00000000f7780000)
  from space 12800K, 0% used [0x00000000f8600000,0x00000000f8600000,0x00000000f9280000)
  to   space 12800K, 0% used [0x00000000f7780000,0x00000000f7780000,0x00000000f8400000)
 ParOldGen       total 349696K, used 349694K [0x00000000e0000000, 0x00000000f5580000, 0x00000000f5580000)
  object space 349696K, 99% used [0x00000000e0000000,0x00000000f557f878,0x00000000f5580000)
 Metaspace       used 50128K, committed 51072K, reserved 1097728K
  class space    used 4963K, committed 5376K, reserved 1048576K
}
Event: 878.477 GC heap after
{Heap after GC invocations=640 (full 492):
 PSYoungGen      total 47616K, used 34815K [0x00000000f5580000, 0x00000000f9280000, 0x0000000100000000)
  eden space 34816K, 99% used [0x00000000f5580000,0x00000000f777ffe0,0x00000000f7780000)
  from space 12800K, 0% used [0x00000000f7780000,0x00000000f7780000,0x00000000f8400000)
  to   space 12800K, 0% used [0x00000000f8600000,0x00000000f8600000,0x00000000f9280000)
 ParOldGen       total 349696K, used 349694K [0x00000000e0000000, 0x00000000f5580000, 0x00000000f5580000)
  object space 349696K, 99% used [0x00000000e0000000,0x00000000f557f878,0x00000000f5580000)
 Metaspace       used 50128K, committed 51072K, reserved 1097728K
  class space    used 4963K, committed 5376K, reserved 1048576K
}
Event: 878.481 GC heap before
{Heap before GC invocations=641 (full 493):
 PSYoungGen      total 47616K, used 34816K [0x00000000f5580000, 0x00000000f9280000, 0x0000000100000000)
  eden space 34816K, 100% used [0x00000000f5580000,0x00000000f7780000,0x00000000f7780000)
  from space 12800K, 0% used [0x00000000f7780000,0x00000000f7780000,0x00000000f8400000)
  to   space 12800K, 0% used [0x00000000f8600000,0x00000000f8600000,0x00000000f9280000)
 ParOldGen       total 349696K, used 349694K [0x00000000e0000000, 0x00000000f5580000, 0x00000000f5580000)
  object space 349696K, 99% used [0x00000000e0000000,0x00000000f557fa10,0x00000000f5580000)
 Metaspace       used 50128K, committed 51072K, reserved 1097728K
  class space    used 4963K, committed 5376K, reserved 1048576K
}
Event: 880.122 GC heap after
{Heap after GC invocations=641 (full 493):
 PSYoungGen      total 47616K, used 34815K [0x00000000f5580000, 0x00000000f9280000, 0x0000000100000000)
  eden space 34816K, 99% used [0x00000000f5580000,0x00000000f777ffe0,0x00000000f7780000)
  from space 12800K, 0% used [0x00000000f8600000,0x00000000f8600000,0x00000000f9280000)
  to   space 12800K, 0% used [0x00000000f7780000,0x00000000f7780000,0x00000000f8400000)
 ParOldGen       total 349696K, used 349693K [0x00000000e0000000, 0x00000000f5580000, 0x00000000f5580000)
  object space 349696K, 99% used [0x00000000e0000000,0x00000000f557f588,0x00000000f5580000)
 Metaspace       used 50128K, committed 51072K, reserved 1097728K
  class space    used 4963K, committed 5376K, reserved 1048576K
}
Event: 880.122 GC heap before
{Heap before GC invocations=642 (full 494):
 PSYoungGen      total 47616K, used 34815K [0x00000000f5580000, 0x00000000f9280000, 0x0000000100000000)
  eden space 34816K, 99% used [0x00000000f5580000,0x00000000f777fff8,0x00000000f7780000)
  from space 12800K, 0% used [0x00000000f8600000,0x00000000f8600000,0x00000000f9280000)
  to   space 12800K, 0% used [0x00000000f7780000,0x00000000f7780000,0x00000000f8400000)
 ParOldGen       total 349696K, used 349693K [0x00000000e0000000, 0x00000000f5580000, 0x00000000f5580000)
  object space 349696K, 99% used [0x00000000e0000000,0x00000000f557f588,0x00000000f5580000)
 Metaspace       used 50128K, committed 51072K, reserved 1097728K
  class space    used 4963K, committed 5376K, reserved 1048576K
}
Event: 881.849 GC heap after
{Heap after GC invocations=642 (full 494):
 PSYoungGen      total 47616K, used 34815K [0x00000000f5580000, 0x00000000f9280000, 0x0000000100000000)
  eden space 34816K, 99% used [0x00000000f5580000,0x00000000f777ffe0,0x00000000f7780000)
  from space 12800K, 0% used [0x00000000f7780000,0x00000000f7780000,0x00000000f8400000)
  to   space 12800K, 0% used [0x00000000f8600000,0x00000000f8600000,0x00000000f9280000)
 ParOldGen       total 349696K, used 349693K [0x00000000e0000000, 0x00000000f5580000, 0x00000000f5580000)
  object space 349696K, 99% used [0x00000000e0000000,0x00000000f557f568,0x00000000f5580000)
 Metaspace       used 50128K, committed 51072K, reserved 1097728K
  class space    used 4963K, committed 5376K, reserved 1048576K
}
Event: 881.850 GC heap before
{Heap before GC invocations=643 (full 495):
 PSYoungGen      total 47616K, used 34816K [0x00000000f5580000, 0x00000000f9280000, 0x0000000100000000)
  eden space 34816K, 100% used [0x00000000f5580000,0x00000000f7780000,0x00000000f7780000)
  from space 12800K, 0% used [0x00000000f7780000,0x00000000f7780000,0x00000000f8400000)
  to   space 12800K, 0% used [0x00000000f8600000,0x00000000f8600000,0x00000000f9280000)
 ParOldGen       total 349696K, used 349693K [0x00000000e0000000, 0x00000000f5580000, 0x00000000f5580000)
  object space 349696K, 99% used [0x00000000e0000000,0x00000000f557f568,0x00000000f5580000)
 Metaspace       used 50128K, committed 51072K, reserved 1097728K
  class space    used 4963K, committed 5376K, reserved 1048576K
}
Event: 883.410 GC heap after
{Heap after GC invocations=643 (full 495):
 PSYoungGen      total 47616K, used 34816K [0x00000000f5580000, 0x00000000f9280000, 0x0000000100000000)
  eden space 34816K, 100% used [0x00000000f5580000,0x00000000f7780000,0x00000000f7780000)
  from space 12800K, 0% used [0x00000000f8600000,0x00000000f8600000,0x00000000f9280000)
  to   space 12800K, 0% used [0x00000000f7780000,0x00000000f7780000,0x00000000f8400000)
 ParOldGen       total 349696K, used 349693K [0x00000000e0000000, 0x00000000f5580000, 0x00000000f5580000)
  object space 349696K, 99% used [0x00000000e0000000,0x00000000f557f568,0x00000000f5580000)
 Metaspace       used 50128K, committed 51072K, reserved 1097728K
  class space    used 4963K, committed 5376K, reserved 1048576K
}
Event: 883.410 GC heap before
{Heap before GC invocations=644 (full 496):
 PSYoungGen      total 47616K, used 34816K [0x00000000f5580000, 0x00000000f9280000, 0x0000000100000000)
  eden space 34816K, 100% used [0x00000000f5580000,0x00000000f7780000,0x00000000f7780000)
  from space 12800K, 0% used [0x00000000f8600000,0x00000000f8600000,0x00000000f9280000)
  to   space 12800K, 0% used [0x00000000f7780000,0x00000000f7780000,0x00000000f8400000)
 ParOldGen       total 349696K, used 349694K [0x00000000e0000000, 0x00000000f5580000, 0x00000000f5580000)
  object space 349696K, 99% used [0x00000000e0000000,0x00000000f557f940,0x00000000f5580000)
 Metaspace       used 50128K, committed 51072K, reserved 1097728K
  class space    used 4963K, committed 5376K, reserved 1048576K
}
Event: 884.981 GC heap after
{Heap after GC invocations=644 (full 496):
 PSYoungGen      total 47616K, used 34816K [0x00000000f5580000, 0x00000000f9280000, 0x0000000100000000)
  eden space 34816K, 100% used [0x00000000f5580000,0x00000000f7780000,0x00000000f7780000)
  from space 12800K, 0% used [0x00000000f7780000,0x00000000f7780000,0x00000000f8400000)
  to   space 12800K, 0% used [0x00000000f8600000,0x00000000f8600000,0x00000000f9280000)
 ParOldGen       total 349696K, used 349693K [0x00000000e0000000, 0x00000000f5580000, 0x00000000f5580000)
  object space 349696K, 99% used [0x00000000e0000000,0x00000000f557f5c0,0x00000000f5580000)
 Metaspace       used 50128K, committed 51072K, reserved 1097728K
  class space    used 4963K, committed 5376K, reserved 1048576K
}
Event: 884.981 GC heap before
{Heap before GC invocations=645 (full 497):
 PSYoungGen      total 47616K, used 34816K [0x00000000f5580000, 0x00000000f9280000, 0x0000000100000000)
  eden space 34816K, 100% used [0x00000000f5580000,0x00000000f7780000,0x00000000f7780000)
  from space 12800K, 0% used [0x00000000f7780000,0x00000000f7780000,0x00000000f8400000)
  to   space 12800K, 0% used [0x00000000f8600000,0x00000000f8600000,0x00000000f9280000)
 ParOldGen       total 349696K, used 349693K [0x00000000e0000000, 0x00000000f5580000, 0x00000000f5580000)
  object space 349696K, 99% used [0x00000000e0000000,0x00000000f557f5c0,0x00000000f5580000)
 Metaspace       used 50128K, committed 51072K, reserved 1097728K
  class space    used 4963K, committed 5376K, reserved 1048576K
}
Event: 886.409 GC heap after
{Heap after GC invocations=645 (full 497):
 PSYoungGen      total 47616K, used 34816K [0x00000000f5580000, 0x00000000f9280000, 0x0000000100000000)
  eden space 34816K, 100% used [0x00000000f5580000,0x00000000f7780000,0x00000000f7780000)
  from space 12800K, 0% used [0x00000000f8600000,0x00000000f8600000,0x00000000f9280000)
  to   space 12800K, 0% used [0x00000000f7780000,0x00000000f7780000,0x00000000f8400000)
 ParOldGen       total 349696K, used 349693K [0x00000000e0000000, 0x00000000f5580000, 0x00000000f5580000)
  object space 349696K, 99% used [0x00000000e0000000,0x00000000f557f5c0,0x00000000f5580000)
 Metaspace       used 50128K, committed 51072K, reserved 1097728K
  class space    used 4963K, committed 5376K, reserved 1048576K
}

